mode: count
github.com/rifaideen/workerpool/workerpool.go:97.67,98.19 1 7
github.com/rifaideen/workerpool/workerpool.go:98.19,100.3 1 1
github.com/rifaideen/workerpool/workerpool.go:102.2,102.30 1 6
github.com/rifaideen/workerpool/workerpool.go:102.30,104.3 1 2
github.com/rifaideen/workerpool/workerpool.go:106.2,108.19 2 4
github.com/rifaideen/workerpool/workerpool.go:108.19,110.3 1 4
github.com/rifaideen/workerpool/workerpool.go:112.2,121.18 2 4
github.com/rifaideen/workerpool/workerpool.go:129.33,130.25 1 4
github.com/rifaideen/workerpool/workerpool.go:130.25,131.46 1 4
github.com/rifaideen/workerpool/workerpool.go:131.46,133.4 1 33
github.com/rifaideen/workerpool/workerpool.go:138.48,139.18 1 33
github.com/rifaideen/workerpool/workerpool.go:139.18,141.3 1 30
github.com/rifaideen/workerpool/workerpool.go:143.2,143.6 1 33
github.com/rifaideen/workerpool/workerpool.go:143.6,144.10 1 633
github.com/rifaideen/workerpool/workerpool.go:146.20,147.20 1 32
github.com/rifaideen/workerpool/workerpool.go:147.20,149.5 1 29
github.com/rifaideen/workerpool/workerpool.go:151.4,151.10 1 32
github.com/rifaideen/workerpool/workerpool.go:153.33,154.11 1 601
github.com/rifaideen/workerpool/workerpool.go:154.11,155.21 1 0
github.com/rifaideen/workerpool/workerpool.go:155.21,157.6 1 0
github.com/rifaideen/workerpool/workerpool.go:159.5,159.11 1 0
github.com/rifaideen/workerpool/workerpool.go:162.4,168.30 3 601
github.com/rifaideen/workerpool/workerpool.go:168.30,170.5 1 0
github.com/rifaideen/workerpool/workerpool.go:173.4,173.48 1 601
github.com/rifaideen/workerpool/workerpool.go:173.48,174.21 1 601
github.com/rifaideen/workerpool/workerpool.go:174.21,177.6 2 601
github.com/rifaideen/workerpool/workerpool.go:180.5,183.19 2 601
github.com/rifaideen/workerpool/workerpool.go:183.19,187.22 2 300
github.com/rifaideen/workerpool/workerpool.go:187.22,189.7 1 300
github.com/rifaideen/workerpool/workerpool.go:191.6,191.11 1 300
github.com/rifaideen/workerpool/workerpool.go:195.5,195.21 1 301
github.com/rifaideen/workerpool/workerpool.go:195.21,197.6 1 301
github.com/rifaideen/workerpool/workerpool.go:200.5,200.34 1 301
github.com/rifaideen/workerpool/workerpool.go:200.34,202.6 1 301
github.com/rifaideen/workerpool/workerpool.go:206.4,206.18 1 600
github.com/rifaideen/workerpool/workerpool.go:206.18,207.21 1 300
github.com/rifaideen/workerpool/workerpool.go:207.21,209.6 1 300
github.com/rifaideen/workerpool/workerpool.go:212.5,212.22 1 300
github.com/rifaideen/workerpool/workerpool.go:223.32,224.25 1 4
github.com/rifaideen/workerpool/workerpool.go:224.25,225.19 1 4
github.com/rifaideen/workerpool/workerpool.go:225.19,227.4 1 3
github.com/rifaideen/workerpool/workerpool.go:230.3,233.19 3 4
github.com/rifaideen/workerpool/workerpool.go:233.19,235.4 1 3
github.com/rifaideen/workerpool/workerpool.go:242.45,243.18 1 604
github.com/rifaideen/workerpool/workerpool.go:243.18,245.3 1 3
github.com/rifaideen/workerpool/workerpool.go:247.2,249.13 2 601
